In file included from [01m[K/home/robot/catkin_ws/src/summit_packages_release_melodic-devel/manipulation/Universal_Robots_ROS_Driver/ur_robot_driver/src/hardware_interface.cpp:30:0[m[K:
[01m[K/home/robot/catkin_ws/src/summit_packages_release_melodic-devel/manipulation/Universal_Robots_ROS_Driver/ur_robot_driver/include/ur_robot_driver/hardware_interface.h:[m[K In constructor ‘[01m[Kur_driver::HardwareInterface::HardwareInterface()[m[K’:
[01m[K/home/robot/catkin_ws/src/summit_packages_release_melodic-devel/manipulation/Universal_Robots_ROS_Driver/ur_robot_driver/include/ur_robot_driver/hardware_interface.h:283:20:[m[K [01;35m[Kwarning: [m[K‘[01m[Kur_driver::HardwareInterface::cartesian_pose_command_[m[K’ will be initialized after [[01;35m[K-Wreorder[m[K]
   urcl::vector6d_t [01;35m[Kcartesian_pose_command_[m[K;
                    [01;35m[K^~~~~~~~~~~~~~~~~~~~~~~[m[K
[01m[K/home/robot/catkin_ws/src/summit_packages_release_melodic-devel/manipulation/Universal_Robots_ROS_Driver/ur_robot_driver/include/ur_robot_driver/hardware_interface.h:272:20:[m[K [01;35m[Kwarning: [m[K  ‘[01m[Kurcl::vector6d_t ur_driver::HardwareInterface::joint_positions_[m[K’ [[01;35m[K-Wreorder[m[K]
   urcl::vector6d_t [01;35m[Kjoint_positions_[m[K;
                    [01;35m[K^~~~~~~~~~~~~~~~[m[K
[01m[K/home/robot/catkin_ws/src/summit_packages_release_melodic-devel/manipulation/Universal_Robots_ROS_Driver/ur_robot_driver/src/hardware_interface.cpp:59:1:[m[K [01;35m[Kwarning: [m[K  when initialized here [[01;35m[K-Wreorder[m[K]
 [01;35m[KHardwareInterface[m[K::HardwareInterface()
 [01;35m[K^~~~~~~~~~~~~~~~~[m[K
In file included from [01m[K/home/robot/catkin_ws/src/summit_packages_release_melodic-devel/manipulation/Universal_Robots_ROS_Driver/ur_robot_driver/src/hardware_interface.cpp:30:0[m[K:
[01m[K/home/robot/catkin_ws/src/summit_packages_release_melodic-devel/manipulation/Universal_Robots_ROS_Driver/ur_robot_driver/include/ur_robot_driver/hardware_interface.h:[m[K In constructor ‘[01m[Kur_driver::HardwareInterface::HardwareInterface()[m[K’:
[01m[K/home/robot/catkin_ws/src/summit_packages_release_melodic-devel/manipulation/Universal_Robots_ROS_Driver/ur_robot_driver/include/ur_robot_driver/hardware_interface.h:283:20:[m[K [01;35m[Kwarning: [m[K‘[01m[Kur_driver::HardwareInterface::cartesian_pose_command_[m[K’ will be initialized after [[01;35m[K-Wreorder[m[K]
   urcl::vector6d_t [01;35m[Kcartesian_pose_command_[m[K;
                    [01;35m[K^~~~~~~~~~~~~~~~~~~~~~~[m[K
[01m[K/home/robot/catkin_ws/src/summit_packages_release_melodic-devel/manipulation/Universal_Robots_ROS_Driver/ur_robot_driver/include/ur_robot_driver/hardware_interface.h:272:20:[m[K [01;35m[Kwarning: [m[K  ‘[01m[Kurcl::vector6d_t ur_driver::HardwareInterface::joint_positions_[m[K’ [[01;35m[K-Wreorder[m[K]
   urcl::vector6d_t [01;35m[Kjoint_positions_[m[K;
                    [01;35m[K^~~~~~~~~~~~~~~~[m[K
[01m[K/home/robot/catkin_ws/src/summit_packages_release_melodic-devel/manipulation/Universal_Robots_ROS_Driver/ur_robot_driver/src/hardware_interface.cpp:59:1:[m[K [01;35m[Kwarning: [m[K  when initialized here [[01;35m[K-Wreorder[m[K]
 [01;35m[KHardwareInterface[m[K::HardwareInterface()
 [01;35m[K^~~~~~~~~~~~~~~~~[m[K
